This is pdfTeX, Version 3.14159265-2.6-1.40.17 (TeX Live 2016) (preloaded format=pdflatex 2017.10.18)  23 JAN 2018 15:36
entering extended mode
 restricted \write18 enabled.
 %&-line parsing enabled.
**tunicates_ncrna.tex
(./tunicates_ncrna.tex
LaTeX2e <2016/03/31>
Babel <3.9r> and hyphenation patterns for 80 language(s) loaded.
(./svmult.cls
Document Class: svmult 2007/06/25 v5.4 
Springer Verlag global LaTeX document class for multi authored books
Class Springer-SVMult Info: extra/valid Springer sub-package 
(Springer-SVMult)           not found in option list - using "global" style.
(/usr/share/texlive/texmf-dist/tex/latex/base/article.cls
Document Class: article 2014/09/29 v1.4h Standard LaTeX document class
(/usr/share/texlive/texmf-dist/tex/latex/base/size10.clo
File: size10.clo 2014/09/29 v1.4h Standard LaTeX file (size option)
)
\c@part=\count79
\c@section=\count80
\c@subsection=\count81
\c@subsubsection=\count82
\c@paragraph=\count83
\c@subparagraph=\count84
\c@figure=\count85
\c@table=\count86
\abovecaptionskip=\skip41
\belowcaptionskip=\skip42
\bibindent=\dimen102
)
\svparindent=\dimen103
\bibindent=\dimen104
\betweenumberspace=\dimen105
\headlineindent=\dimen106
\minitoc=\write3
\c@minitocdepth=\count87
\c@chapter=\count88
\mottowidth=\dimen107
\svitemindent=\dimen108
\verbatimindent=\dimen109
LaTeX Font Info:    Redeclaring math symbol \Gamma on input line 963.
LaTeX Font Info:    Redeclaring math symbol \Delta on input line 964.
LaTeX Font Info:    Redeclaring math symbol \Theta on input line 965.
LaTeX Font Info:    Redeclaring math symbol \Lambda on input line 966.
LaTeX Font Info:    Redeclaring math symbol \Xi on input line 967.
LaTeX Font Info:    Redeclaring math symbol \Pi on input line 968.
LaTeX Font Info:    Redeclaring math symbol \Sigma on input line 969.
LaTeX Font Info:    Redeclaring math symbol \Upsilon on input line 970.
LaTeX Font Info:    Redeclaring math symbol \Phi on input line 971.
LaTeX Font Info:    Redeclaring math symbol \Psi on input line 972.
LaTeX Font Info:    Redeclaring math symbol \Omega on input line 973.
\tocchpnum=\dimen110
\tocsecnum=\dimen111
\tocsectotal=\dimen112
\tocsubsecnum=\dimen113
\tocsubsectotal=\dimen114
\tocsubsubsecnum=\dimen115
\tocsubsubsectotal=\dimen116
\tocparanum=\dimen117
\tocparatotal=\dimen118
\tocsubparanum=\dimen119
\foot@parindent=\dimen120
\spthmsep=\dimen121
\c@theorem=\count89
\c@case=\count90
\c@conjecture=\count91
\c@corollary=\count92
\c@definition=\count93
\c@example=\count94
\c@exercise=\count95
\c@lemma=\count96
\c@note=\count97
\c@problem=\count98
\c@property=\count99
\c@proposition=\count100
\c@question=\count101
\c@solution=\count102
\c@remark=\count103
\c@prob=\count104
\instindent=\dimen122
\figgap=\dimen123
\bildb@x=\box26
\figcapgap=\dimen124
\tabcapgap=\dimen125
\c@merk=\count105
\c@@inst=\count106
\c@@auth=\count107
\c@auco=\count108
\instindent=\dimen126
\authrun=\box27
\authorrunning=\toks14
\tocauthor=\toks15
\titrun=\box28
\titlerunning=\toks16
\toctitle=\toks17
\c@contribution=\count109
LaTeX Info: Redefining \abstract on input line 2320.
)
(/usr/share/texlive/texmf-dist/tex/latex/graphics/color.sty
Package: color 2016/05/09 v1.1c Standard LaTeX Color (DPC)

(/usr/share/texlive/texmf-dist/tex/latex/graphics-cfg/color.cfg
File: color.cfg 2016/01/02 v1.6 sample color configuration
)
Package color Info: Driver file: pdftex.def on input line 144.

(/usr/share/texlive/texmf-dist/tex/latex/graphics-def/pdftex.def
File: pdftex.def 2016/07/10 v0.06j Graphics/color for pdfTeX

(/usr/share/texlive/texmf-dist/tex/generic/oberdiek/infwarerr.sty
Package: infwarerr 2016/05/16 v1.4 Providing info/warning/error messages (HO)
)
(/usr/share/texlive/texmf-dist/tex/generic/oberdiek/ltxcmds.sty
Package: ltxcmds 2016/05/16 v1.23 LaTeX kernel commands for general use (HO)
)
\Gread@gobject=\count110
))
(/usr/share/texlive/texmf-dist/tex/latex/framed/framed.sty
Package: framed 2011/10/22 v 0.96: framed or shaded text with page breaks
\OuterFrameSep=\skip43
\fb@frw=\dimen127
\fb@frh=\dimen128
\FrameRule=\dimen129
\FrameSep=\dimen130
)
(/usr/share/texlive/texmf-dist/tex/latex/psnfss/mathptmx.sty
Package: mathptmx 2005/04/12 PSNFSS-v9.2a Times w/ Math, improved (SPQR, WaS) 
LaTeX Font Info:    Redeclaring symbol font `operators' on input line 28.
LaTeX Font Info:    Overwriting symbol font `operators' in version `normal'
(Font)                  OT1/cmr/m/n --> OT1/ztmcm/m/n on input line 28.
LaTeX Font Info:    Overwriting symbol font `operators' in version `bold'
(Font)                  OT1/cmr/bx/n --> OT1/ztmcm/m/n on input line 28.
LaTeX Font Info:    Redeclaring symbol font `letters' on input line 29.
LaTeX Font Info:    Overwriting symbol font `letters' in version `normal'
(Font)                  OML/cmm/m/it --> OML/ztmcm/m/it on input line 29.
LaTeX Font Info:    Overwriting symbol font `letters' in version `bold'
(Font)                  OML/cmm/b/it --> OML/ztmcm/m/it on input line 29.
LaTeX Font Info:    Redeclaring symbol font `symbols' on input line 30.
LaTeX Font Info:    Overwriting symbol font `symbols' in version `normal'
(Font)                  OMS/cmsy/m/n --> OMS/ztmcm/m/n on input line 30.
LaTeX Font Info:    Overwriting symbol font `symbols' in version `bold'
(Font)                  OMS/cmsy/b/n --> OMS/ztmcm/m/n on input line 30.
LaTeX Font Info:    Redeclaring symbol font `largesymbols' on input line 31.
LaTeX Font Info:    Overwriting symbol font `largesymbols' in version `normal'
(Font)                  OMX/cmex/m/n --> OMX/ztmcm/m/n on input line 31.
LaTeX Font Info:    Overwriting symbol font `largesymbols' in version `bold'
(Font)                  OMX/cmex/m/n --> OMX/ztmcm/m/n on input line 31.
\symbold=\mathgroup4
\symitalic=\mathgroup5
LaTeX Font Info:    Redeclaring math alphabet \mathbf on input line 34.
LaTeX Font Info:    Overwriting math alphabet `\mathbf' in version `normal'
(Font)                  OT1/cmr/bx/n --> OT1/ptm/bx/n on input line 34.
LaTeX Font Info:    Overwriting math alphabet `\mathbf' in version `bold'
(Font)                  OT1/cmr/bx/n --> OT1/ptm/bx/n on input line 34.
LaTeX Font Info:    Redeclaring math alphabet \mathit on input line 35.
LaTeX Font Info:    Overwriting math alphabet `\mathit' in version `normal'
(Font)                  OT1/cmr/m/it --> OT1/ptm/m/it on input line 35.
LaTeX Font Info:    Overwriting math alphabet `\mathit' in version `bold'
(Font)                  OT1/cmr/bx/it --> OT1/ptm/m/it on input line 35.
LaTeX Info: Redefining \hbar on input line 50.
)
(/usr/share/texlive/texmf-dist/tex/latex/psnfss/helvet.sty
Package: helvet 2005/04/12 PSNFSS-v9.2a (WaS) 

(/usr/share/texlive/texmf-dist/tex/latex/graphics/keyval.sty
Package: keyval 2014/10/28 v1.15 key=value parser (DPC)
\KV@toks@=\toks18
))
(/usr/share/texlive/texmf-dist/tex/latex/psnfss/courier.sty
Package: courier 2005/04/12 PSNFSS-v9.2a (WaS) 
)
(/usr/share/texlive/texmf-dist/tex/latex/type1cm/type1cm.sty
Package: type1cm 2002/09/05 v0.04 BlueSky/Y&Y Type1 CM font definitions (DPC, p
atched RF)
)
(/usr/share/texlive/texmf-dist/tex/latex/base/makeidx.sty
Package: makeidx 2014/09/29 v1.0m Standard LaTeX package
)
(/usr/share/texlive/texmf-dist/tex/latex/graphics/graphicx.sty
Package: graphicx 2014/10/28 v1.0g Enhanced LaTeX Graphics (DPC,SPQR)

(/usr/share/texlive/texmf-dist/tex/latex/graphics/graphics.sty
Package: graphics 2016/05/09 v1.0r Standard LaTeX Graphics (DPC,SPQR)

(/usr/share/texlive/texmf-dist/tex/latex/graphics/trig.sty
Package: trig 2016/01/03 v1.10 sin cos tan (DPC)
)
(/usr/share/texlive/texmf-dist/tex/latex/graphics-cfg/graphics.cfg
File: graphics.cfg 2016/01/02 v1.10 sample graphics configuration
)
Package graphics Info: Driver file: pdftex.def on input line 96.
)
\Gin@req@height=\dimen131
\Gin@req@width=\dimen132
)
(/usr/share/texlive/texmf-dist/tex/latex/tools/multicol.sty
Package: multicol 2016/04/07 v1.8p multicolumn formatting (FMi)
\c@tracingmulticols=\count111
\mult@box=\box29
\multicol@leftmargin=\dimen133
\c@unbalance=\count112
\c@collectmore=\count113
\doublecol@number=\count114
\multicoltolerance=\count115
\multicolpretolerance=\count116
\full@width=\dimen134
\page@free=\dimen135
\premulticols=\dimen136
\postmulticols=\dimen137
\multicolsep=\skip44
\multicolbaselineskip=\skip45
\partial@page=\box30
\last@line=\box31
\maxbalancingoverflow=\dimen138
\mult@rightbox=\box32
\mult@grightbox=\box33
\mult@gfirstbox=\box34
\mult@firstbox=\box35
\@tempa=\box36
\@tempa=\box37
\@tempa=\box38
\@tempa=\box39
\@tempa=\box40
\@tempa=\box41
\@tempa=\box42
\@tempa=\box43
\@tempa=\box44
\@tempa=\box45
\@tempa=\box46
\@tempa=\box47
\@tempa=\box48
\@tempa=\box49
\@tempa=\box50
\@tempa=\box51
\@tempa=\box52
\c@columnbadness=\count117
\c@finalcolumnbadness=\count118
\last@try=\dimen139
\multicolovershoot=\dimen140
\multicolundershoot=\dimen141
\mult@nat@firstbox=\box53
\colbreak@box=\box54
\mc@col@check@num=\count119
)
(/usr/share/texlive/texmf-dist/tex/latex/footmisc/footmisc.sty
Package: footmisc 2011/06/06 v5.5b a miscellany of footnote facilities
\FN@temptoken=\toks19
\footnotemargin=\dimen142
\c@pp@next@reset=\count120
Package footmisc Info: Declaring symbol style bringhurst on input line 855.
Package footmisc Info: Declaring symbol style chicago on input line 863.
Package footmisc Info: Declaring symbol style wiley on input line 872.
Package footmisc Info: Declaring symbol style lamport-robust on input line 883.

Package footmisc Info: Declaring symbol style lamport* on input line 903.
Package footmisc Info: Declaring symbol style lamport*-robust on input line 924
.
)
(/usr/share/texlive/texmf-dist/tex/latex/tools/longtable.sty
Package: longtable 2014/10/28 v4.11 Multi-page Table package (DPC)
\LTleft=\skip46
\LTright=\skip47
\LTpre=\skip48
\LTpost=\skip49
\LTchunksize=\count121
\LTcapwidth=\dimen143
\LT@head=\box55
\LT@firsthead=\box56
\LT@foot=\box57
\LT@lastfoot=\box58
\LT@cols=\count122
\LT@rows=\count123
\c@LT@tables=\count124
\c@LT@chunks=\count125
\LT@p@ftn=\toks20
)
(/usr/share/texlive/texmf-dist/tex/latex/multirow/multirow.sty
\bigstrutjot=\dimen144
)
\@indexfile=\write4
\openout4 = `tunicates_ncrna.idx'.


Writing index file tunicates_ncrna.idx
(./tunicates_ncrna.aux

LaTeX Warning: Label `tab:detailBigClusters' multiply defined.


LaTeX Warning: Label `fig:mir-1' multiply defined.

)
\openout1 = `tunicates_ncrna.aux'.

LaTeX Font Info:    Checking defaults for OML/cmm/m/it on input line 42.
LaTeX Font Info:    ... okay on input line 42.
LaTeX Font Info:    Checking defaults for T1/cmr/m/n on input line 42.
LaTeX Font Info:    ... okay on input line 42.
LaTeX Font Info:    Checking defaults for OT1/cmr/m/n on input line 42.
LaTeX Font Info:    ... okay on input line 42.
LaTeX Font Info:    Checking defaults for OMS/cmsy/m/n on input line 42.
LaTeX Font Info:    ... okay on input line 42.
LaTeX Font Info:    Checking defaults for OMX/cmex/m/n on input line 42.
LaTeX Font Info:    ... okay on input line 42.
LaTeX Font Info:    Checking defaults for U/cmr/m/n on input line 42.
LaTeX Font Info:    ... okay on input line 42.
LaTeX Font Info:    Try loading font information for OT1+ptm on input line 42.
 (/usr/share/texlive/texmf-dist/tex/latex/psnfss/ot1ptm.fd
File: ot1ptm.fd 2001/06/04 font definitions for OT1/ptm.
)
(/usr/share/texlive/texmf-dist/tex/context/base/mkii/supp-pdf.mkii
[Loading MPS to PDF converter (version 2006.09.02).]
\scratchcounter=\count126
\scratchdimen=\dimen145
\scratchbox=\box59
\nofMPsegments=\count127
\nofMParguments=\count128
\everyMPshowfont=\toks21
\MPscratchCnt=\count129
\MPscratchDim=\dimen146
\MPnumerator=\count130
\makeMPintoPDFobject=\count131
\everyMPtoPDFconversion=\toks22
) (/usr/share/texlive/texmf-dist/tex/generic/oberdiek/pdftexcmds.sty
Package: pdftexcmds 2016/05/21 v0.22 Utility functions of pdfTeX for LuaTeX (HO
)

(/usr/share/texlive/texmf-dist/tex/generic/oberdiek/ifluatex.sty
Package: ifluatex 2016/05/16 v1.4 Provides the ifluatex switch (HO)
Package ifluatex Info: LuaTeX not detected.
)
(/usr/share/texlive/texmf-dist/tex/generic/oberdiek/ifpdf.sty
Package: ifpdf 2016/05/14 v3.1 Provides the ifpdf switch
)
Package pdftexcmds Info: LuaTeX not detected.
Package pdftexcmds Info: \pdf@primitive is available.
Package pdftexcmds Info: \pdf@ifprimitive is available.
Package pdftexcmds Info: \pdfdraftmode found.
)
(/usr/share/texlive/texmf-dist/tex/latex/oberdiek/epstopdf-base.sty
Package: epstopdf-base 2016/05/15 v2.6 Base part for package epstopdf

(/usr/share/texlive/texmf-dist/tex/latex/oberdiek/grfext.sty
Package: grfext 2016/05/16 v1.2 Manage graphics extensions (HO)

(/usr/share/texlive/texmf-dist/tex/generic/oberdiek/kvdefinekeys.sty
Package: kvdefinekeys 2016/05/16 v1.4 Define keys (HO)
))
(/usr/share/texlive/texmf-dist/tex/latex/oberdiek/kvoptions.sty
Package: kvoptions 2016/05/16 v3.12 Key value format for package options (HO)

(/usr/share/texlive/texmf-dist/tex/generic/oberdiek/kvsetkeys.sty
Package: kvsetkeys 2016/05/16 v1.17 Key value parser (HO)

(/usr/share/texlive/texmf-dist/tex/generic/oberdiek/etexcmds.sty
Package: etexcmds 2016/05/16 v1.6 Avoid name clashes with e-TeX commands (HO)
Package etexcmds Info: Could not find \expanded.
(etexcmds)             That can mean that you are not using pdfTeX 1.50 or
(etexcmds)             that some package has redefined \expanded.
(etexcmds)             In the latter case, load this package earlier.
)))
Package epstopdf-base Info: Redefining graphics rule for `.eps' on input line 4
38.
Package grfext Info: Graphics extension search list:
(grfext)             [.png,.pdf,.jpg,.mps,.jpeg,.jbig2,.jb2,.PNG,.PDF,.JPG,.JPE
G,.JBIG2,.JB2,.eps]
(grfext)             \AppendGraphicsExtensions on input line 456.

(/usr/share/texlive/texmf-dist/tex/latex/latexconfig/epstopdf-sys.cfg
File: epstopdf-sys.cfg 2010/07/13 v1.3 Configuration of (r)epstopdf for TeX Liv
e
))
\big@size=\dimen147
LaTeX Font Info:    Font shape `OT1/ptm/bx/n' in size <16> not available
(Font)              Font shape `OT1/ptm/b/n' tried instead on input line 43.


Package mathptmx Warning: There are no bold math fonts on input line 43.

(./tunicates_ncrna.toc
LaTeX Font Info:    Font shape `OT1/ptm/bx/n' in size <10> not available
(Font)              Font shape `OT1/ptm/b/n' tried instead on input line 1.
LaTeX Font Info:    Try loading font information for OT1+ztmcm on input line 1.


(/usr/share/texlive/texmf-dist/tex/latex/psnfss/ot1ztmcm.fd
File: ot1ztmcm.fd 2000/01/03 Fontinst v1.801 font definitions for OT1/ztmcm.
)
LaTeX Font Info:    Try loading font information for OML+ztmcm on input line 1.


(/usr/share/texlive/texmf-dist/tex/latex/psnfss/omlztmcm.fd
File: omlztmcm.fd 2000/01/03 Fontinst v1.801 font definitions for OML/ztmcm.
)
LaTeX Font Info:    Try loading font information for OMS+ztmcm on input line 1.


(/usr/share/texlive/texmf-dist/tex/latex/psnfss/omsztmcm.fd
File: omsztmcm.fd 2000/01/03 Fontinst v1.801 font definitions for OMS/ztmcm.
)
LaTeX Font Info:    Try loading font information for OMX+ztmcm on input line 1.


(/usr/share/texlive/texmf-dist/tex/latex/psnfss/omxztmcm.fd
File: omxztmcm.fd 2000/01/03 Fontinst v1.801 font definitions for OMX/ztmcm.
)
LaTeX Font Info:    Font shape `OT1/ptm/bx/n' in size <7.4> not available
(Font)              Font shape `OT1/ptm/b/n' tried instead on input line 1.
LaTeX Font Info:    Font shape `OT1/ptm/bx/n' in size <6> not available
(Font)              Font shape `OT1/ptm/b/n' tried instead on input line 1.
)
\tf@toc=\write5
\openout5 = `tunicates_ncrna.toc'.

 [1



{/usr/share/texlive/texmf-dist/fonts/map/pdftex/updmap/pdftex.map}] [2


]
LaTeX Font Info:    Font shape `OT1/ptm/bx/n' in size <14> not available
(Font)              Font shape `OT1/ptm/b/n' tried instead on input line 59.
LaTeX Font Info:    Calculating math sizes for size <8.5> on input line 59.
LaTeX Font Info:    Font shape `OT1/ptm/bx/n' in size <8.5> not available
(Font)              Font shape `OT1/ptm/b/n' tried instead on input line 59.
LaTeX Font Info:    Font shape `OT1/ptm/bx/n' in size <6.29004> not available
(Font)              Font shape `OT1/ptm/b/n' tried instead on input line 59.
LaTeX Font Info:    Font shape `OT1/ptm/bx/n' in size <5.10005> not available
(Font)              Font shape `OT1/ptm/b/n' tried instead on input line 59.

Names of authors too long for running head. Please supply
a shorter form with \authorrunning prior to \maketitle
LaTeX Font Info:    Font shape `OT1/ptm/bx/n' in size <12> not available
(Font)              Font shape `OT1/ptm/b/n' tried instead on input line 76.
LaTeX Font Info:    Font shape `OT1/ptm/bx/it' in size <12> not available
(Font)              Font shape `OT1/ptm/b/it' tried instead on input line 94.

LaTeX Warning: Citation `Ameres:13' on page 3 undefined on input line 99.


LaTeX Warning: Citation `Cerutti:06' on page 3 undefined on input line 101.


LaTeX Warning: Citation `Shabalina:08' on page 3 undefined on input line 101.

[3]
Overfull \hbox (23.81934pt too wide) in paragraph at lines 104--120
[]\OT1/ptm/m/n/10 Throughout an-i-mals, canon-i-cal miR-NAs are the pro-cessed 
through a well-characterized
 []


LaTeX Warning: Citation `Price:11' on page 4 undefined on input line 127.

LaTeX Font Info:    Try loading font information for OT1+pcr on input line 131.

(/usr/share/texlive/texmf-dist/tex/latex/psnfss/ot1pcr.fd
File: ot1pcr.fd 2001/06/04 font definitions for OT1/pcr.
)

LaTeX Warning: Citation `Tanzer:04a' on page 4 undefined on input line 136.


LaTeX Warning: Citation `Hertel:12a' on page 4 undefined on input line 136.


LaTeX Warning: Citation `Fu:08' on page 4 undefined on input line 144.


LaTeX Warning: Citation `Bentwich:05' on page 4 undefined on input line 148.


LaTeX Warning: Citation `Berezikov:06' on page 4 undefined on input line 148.


LaTeX Warning: Citation `Lu:08' on page 4 undefined on input line 151.


LaTeX Warning: Citation `Tanzer:04a' on page 4 undefined on input line 154.


LaTeX Warning: Citation `CampoPaysaa:11' on page 4 undefined on input line 154.



LaTeX Warning: Citation `Marco:13' on page 4 undefined on input line 154.


LaTeX Warning: Citation `Liang:09' on page 4 undefined on input line 160.


LaTeX Warning: Citation `Meunier:12' on page 4 undefined on input line 160.


LaTeX Warning: Citation `Lee:07a' on page 4 undefined on input line 163.

[4]

LaTeX Warning: Citation `Niwa:07' on page 5 undefined on input line 171.


LaTeX Warning: Citation `Prochnik:07' on page 5 undefined on input line 171.


LaTeX Warning: Citation `Lee:07a' on page 5 undefined on input line 171.


LaTeX Warning: Citation `Peterson:09' on page 5 undefined on input line 171.


LaTeX Warning: Citation `Berezikov:11' on page 5 undefined on input line 171.


LaTeX Warning: Citation `Tanzer:10a' on page 5 undefined on input line 173.


LaTeX Warning: Citation `Fu:08' on page 5 undefined on input line 178.


LaTeX Warning: Citation `Dai:09' on page 5 undefined on input line 178.

[5] [6] [7] [8]
Underfull \hbox (badness 10000) in paragraph at lines 415--415
[]|\OT1/ptm/b/n/10 Size
 []


Underfull \hbox (badness 10000) in paragraph at lines 418--419
[]|\OT1/ptm/m/n/10 bfl-mir-4869,
 []


Underfull \hbox (badness 10000) in paragraph at lines 418--419
\OT1/ptm/m/n/10 bfl-mir-4857,
 []


Underfull \hbox (badness 10000) in paragraph at lines 418--419
\OT1/ptm/m/n/10 bfl-mir-4862,
 []


Underfull \hbox (badness 10000) in paragraph at lines 418--419
\OT1/ptm/m/n/10 bfl-mir-4856b,
 []


Underfull \hbox (badness 10000) in paragraph at lines 419--420
[]|\OT1/ptm/m/n/10 odi-mir-1497e,
 []


Underfull \hbox (badness 10000) in paragraph at lines 419--420
\OT1/ptm/m/n/10 odi-mir-1497d-2,
 []


Underfull \hbox (badness 10000) in paragraph at lines 419--420
\OT1/ptm/m/n/10 odi-mir-1497d-1,
 []


Underfull \hbox (badness 10000) in paragraph at lines 419--420
\OT1/ptm/m/n/10 odi-mir-1497c,
 []


Underfull \hbox (badness 10000) in paragraph at lines 419--420
\OT1/ptm/m/n/10 odi-mir-1497b,
 []


Underfull \hbox (badness 10000) in paragraph at lines 421--422
[]|\OT1/ptm/m/n/10 cin-mir-4006d,
 []


Underfull \hbox (badness 10000) in paragraph at lines 421--422
\OT1/ptm/m/n/10 cin-mir-4006c,
 []


Underfull \hbox (badness 10000) in paragraph at lines 421--422
\OT1/ptm/m/n/10 cin-mir-4001b-2,
 []


Underfull \hbox (badness 10000) in paragraph at lines 421--422
\OT1/ptm/m/n/10 cin-mir-4000i,
 []


Underfull \hbox (badness 10000) in paragraph at lines 421--422
\OT1/ptm/m/n/10 cin-mir-4006g,
 []


Underfull \hbox (badness 10000) in paragraph at lines 421--422
\OT1/ptm/m/n/10 cin-mir-4001e,
 []


Underfull \hbox (badness 10000) in paragraph at lines 421--422
\OT1/ptm/m/n/10 cin-mir-4001d,
 []


Underfull \hbox (badness 10000) in paragraph at lines 421--422
\OT1/ptm/m/n/10 cin-mir-4000g,
 []


Underfull \hbox (badness 10000) in paragraph at lines 421--422
\OT1/ptm/m/n/10 cin-mir-4006f,
 []


Underfull \hbox (badness 10000) in paragraph at lines 421--422
\OT1/ptm/m/n/10 cin-mir-4006b,
 []


Underfull \hbox (badness 10000) in paragraph at lines 421--422
\OT1/ptm/m/n/10 cin-mir-4001b-1,
 []


Underfull \hbox (badness 10000) in paragraph at lines 421--422
\OT1/ptm/m/n/10 cin-mir-4000c,
 []


Underfull \hbox (badness 10000) in paragraph at lines 421--422
\OT1/ptm/m/n/10 cin-mir-4006e,
 []


Underfull \hbox (badness 10000) in paragraph at lines 421--422
\OT1/ptm/m/n/10 cin-mir-4000b-2,
 []


Underfull \hbox (badness 10000) in paragraph at lines 421--422
\OT1/ptm/m/n/10 cin-mir-4001a-1,
 []


Underfull \hbox (badness 10000) in paragraph at lines 421--422
\OT1/ptm/m/n/10 cin-mir-4000b-1,
 []


Underfull \hbox (badness 10000) in paragraph at lines 421--422
\OT1/ptm/m/n/10 cin-mir-4002,
 []


Underfull \hbox (badness 10000) in paragraph at lines 421--422
\OT1/ptm/m/n/10 cin-mir-4000d,
 []


Underfull \hbox (badness 10000) in paragraph at lines 421--422
\OT1/ptm/m/n/10 cin-mir-4001h,
 []


Underfull \hbox (badness 10000) in paragraph at lines 421--422
\OT1/ptm/m/n/10 cin-mir-4000a-2,
 []


Underfull \hbox (badness 10000) in paragraph at lines 421--422
\OT1/ptm/m/n/10 cin-mir-4006a-2,
 []


Underfull \hbox (badness 10000) in paragraph at lines 421--422
\OT1/ptm/m/n/10 cin-mir-4006a-3,
 []


Underfull \hbox (badness 10000) in paragraph at lines 422--423
[]|\OT1/ptm/m/n/10 csa-mir-216b,
 []


Underfull \hbox (badness 10000) in paragraph at lines 422--423
\OT1/ptm/m/n/10 csa-mir-216a,
 []


Underfull \hbox (badness 3189) in paragraph at lines 423--424
[]|\OT1/ptm/m/n/10 csa-mir-92b, csa-
 []


Underfull \hbox (badness 2512) in paragraph at lines 423--424
\OT1/ptm/m/n/10 mir-92c, csa-mir-
 []


Underfull \hbox (badness 10000) in paragraph at lines 424--425
[]|\OT1/ptm/m/n/8.5 dre-mir-430a-18,
 []


Underfull \hbox (badness 10000) in paragraph at lines 424--425
\OT1/ptm/m/n/8.5 dre-mir-430c-18,
 []


Underfull \hbox (badness 10000) in paragraph at lines 424--425
\OT1/ptm/m/n/8.5 dre-mir-430b-4,
 []


Underfull \hbox (badness 10000) in paragraph at lines 424--425
\OT1/ptm/m/n/8.5 dre-mir-430a-15,
 []


Underfull \hbox (badness 10000) in paragraph at lines 424--425
\OT1/ptm/m/n/8.5 dre-mir-430c-18,
 []


Underfull \hbox (badness 10000) in paragraph at lines 424--425
\OT1/ptm/m/n/8.5 dre-mir-430b-5,
 []


Underfull \hbox (badness 10000) in paragraph at lines 424--425
\OT1/ptm/m/n/8.5 dre-mir-430a-10,
 []


Underfull \hbox (badness 10000) in paragraph at lines 424--425
\OT1/ptm/m/n/8.5 dre-mir-430c-18,
 []


Underfull \hbox (badness 10000) in paragraph at lines 424--425
\OT1/ptm/m/n/8.5 dre-mir-430b-5,
 []


Underfull \hbox (badness 10000) in paragraph at lines 424--425
\OT1/ptm/m/n/8.5 dre-mir-430a-15,
 []


Underfull \hbox (badness 10000) in paragraph at lines 424--425
\OT1/ptm/m/n/8.5 dre-mir-430c-18,
 []


Underfull \hbox (badness 10000) in paragraph at lines 424--425
\OT1/ptm/m/n/8.5 dre-mir-430b-3,
 []


Underfull \hbox (badness 10000) in paragraph at lines 424--425
\OT1/ptm/m/n/8.5 dre-mir-430a-10,
 []


Underfull \hbox (badness 10000) in paragraph at lines 424--425
\OT1/ptm/m/n/8.5 dre-mir-430c-18,
 []


Underfull \hbox (badness 10000) in paragraph at lines 424--425
\OT1/ptm/m/n/8.5 dre-mir-430b-8,
 []


Underfull \hbox (badness 10000) in paragraph at lines 424--425
\OT1/ptm/m/n/8.5 dre-mir-430a-15,
 []


Underfull \hbox (badness 1337) in paragraph at lines 424--425
\OT1/ptm/m/n/8.5 mir-430b-5, dre-mir-
 []


Underfull \hbox (badness 10000) in paragraph at lines 424--425
\OT1/ptm/m/n/8.5 430a-17, miR-430,
 []


Underfull \hbox (badness 10000) in paragraph at lines 424--425
\OT1/ptm/m/n/8.5 dre-mir-430b-20,
 []


Underfull \hbox (badness 10000) in paragraph at lines 424--425
\OT1/ptm/m/n/8.5 dre-mir-430a-10,
 []


Underfull \hbox (badness 10000) in paragraph at lines 424--425
\OT1/ptm/m/n/8.5 dre-mir-430c-18,
 []


Underfull \hbox (badness 10000) in paragraph at lines 424--425
\OT1/ptm/m/n/8.5 dre-mir-430b-5,
 []


Underfull \hbox (badness 10000) in paragraph at lines 424--425
\OT1/ptm/m/n/8.5 dre-mir-430i-3,
 []


Underfull \hbox (badness 10000) in paragraph at lines 424--425
\OT1/ptm/m/n/8.5 dre-mir-430c-18,
 []


Underfull \hbox (badness 10000) in paragraph at lines 424--425
\OT1/ptm/m/n/8.5 dre-mir-430b-3,
 []


Underfull \hbox (badness 10000) in paragraph at lines 424--425
\OT1/ptm/m/n/8.5 dre-mir-430a-10,
 []


Underfull \hbox (badness 10000) in paragraph at lines 424--425
\OT1/ptm/m/n/8.5 dre-mir-430c-18,
 []


Underfull \hbox (badness 10000) in paragraph at lines 424--425
\OT1/ptm/m/n/8.5 dre-mir-430b-8,
 []


Underfull \hbox (badness 10000) in paragraph at lines 424--425
\OT1/ptm/m/n/8.5 dre-mir-430a-11,
 []


Underfull \hbox (badness 10000) in paragraph at lines 424--425
\OT1/ptm/m/n/8.5 dre-mir-430c-18,
 []


Underfull \hbox (badness 10000) in paragraph at lines 424--425
\OT1/ptm/m/n/8.5 dre-mir-430b-5,
 []


Underfull \hbox (badness 10000) in paragraph at lines 424--425
\OT1/ptm/m/n/8.5 dre-mir-430i-3,
 []


Underfull \hbox (badness 10000) in paragraph at lines 424--425
\OT1/ptm/m/n/8.5 dre-mir-430c-18,
 []


Underfull \hbox (badness 10000) in paragraph at lines 424--425
\OT1/ptm/m/n/8.5 dre-mir-430b-19,
 []


Underfull \hbox (badness 10000) in paragraph at lines 424--425
\OT1/ptm/m/n/8.5 dre-mir-430a-10,
 []


Underfull \hbox (badness 1337) in paragraph at lines 424--425
\OT1/ptm/m/n/8.5 mir-430b-5, dre-mir-
 []


Underfull \hbox (badness 10000) in paragraph at lines 424--425
\OT1/ptm/m/n/8.5 430a-17, miR-430,
 []


Underfull \hbox (badness 10000) in paragraph at lines 424--425
\OT1/ptm/m/n/8.5 dre-mir-430b-20,
 []


Underfull \hbox (badness 10000) in paragraph at lines 424--425
\OT1/ptm/m/n/8.5 dre-mir-430a-10,
 []


Underfull \hbox (badness 10000) in paragraph at lines 424--425
\OT1/ptm/m/n/8.5 dre-mir-430c-18,
 []


Underfull \hbox (badness 10000) in paragraph at lines 424--425
\OT1/ptm/m/n/8.5 dre-mir-430b-5,
 []


Underfull \hbox (badness 10000) in paragraph at lines 424--425
\OT1/ptm/m/n/8.5 dre-mir-430i-3,
 []


Underfull \hbox (badness 10000) in paragraph at lines 424--425
\OT1/ptm/m/n/8.5 dre-mir-430c-18,
 []


Underfull \hbox (badness 10000) in paragraph at lines 424--425
\OT1/ptm/m/n/8.5 dre-mir-430b-19,
 []


Underfull \hbox (badness 10000) in paragraph at lines 424--425
\OT1/ptm/m/n/8.5 dre-mir-430a-10,
 []


Underfull \hbox (badness 10000) in paragraph at lines 424--425
\OT1/ptm/m/n/8.5 dre-mir-430c-18,
 []


Underfull \hbox (badness 10000) in paragraph at lines 424--425
\OT1/ptm/m/n/8.5 dre-mir-430b-5,
 []


Underfull \hbox (badness 10000) in paragraph at lines 424--425
\OT1/ptm/m/n/8.5 dre-mir-430a-15,
 []


Underfull \hbox (badness 10000) in paragraph at lines 424--425
\OT1/ptm/m/n/8.5 dre-mir-430c-18,
 []


Underfull \hbox (badness 10000) in paragraph at lines 424--425
\OT1/ptm/m/n/8.5 dre-mir-430b-3,
 []


Underfull \hbox (badness 10000) in paragraph at lines 424--425
\OT1/ptm/m/n/8.5 dre-mir-430a-10,
 []


Underfull \hbox (badness 10000) in paragraph at lines 424--425
\OT1/ptm/m/n/8.5 dre-mir-430c-18,
 []


Underfull \hbox (badness 10000) in paragraph at lines 424--425
\OT1/ptm/m/n/8.5 dre-mir-430b-8,
 []


Underfull \hbox (badness 10000) in paragraph at lines 424--425
\OT1/ptm/m/n/8.5 dre-mir-430a-15,
 []


Underfull \hbox (badness 10000) in paragraph at lines 424--425
\OT1/ptm/m/n/8.5 dre-mir-430c-18,
 []


Overfull \hbox (52.29807pt too wide) in alignment at lines 409--427
 [] [] [] [] [] [] [] 
 []

[9] [10] [11]

LaTeX Warning: Reference `mir4091' on page 12 undefined on input line 518.


LaTeX Warning: Reference `7qf' on page 12 undefined on input line 532.


LaTeX Warning: Reference `7qs' on page 12 undefined on input line 532.


LaTeX Warning: Reference `7qother' on page 12 undefined on input line 534.


LaTeX Warning: Reference `1q-10q' on page 12 undefined on input line 535.


LaTeX Warning: Reference `3p-7q' on page 12 undefined on input line 535.


LaTeX Warning: Reference `3p' on page 12 undefined on input line 535.

[12]

LaTeX Warning: Reference `mir92' on page 13 undefined on input line 541.


LaTeX Warning: Reference `mir124' on page 13 undefined on input line 541.


LaTeX Warning: Reference `mir200' on page 13 undefined on input line 541.

<./Images/Cluster_images/let-7_101_128.pdf, id=46, 935.4553pt x 619.38788pt>
File: ./Images/Cluster_images/let-7_101_128.pdf Graphic file (type pdf)

<use ./Images/Cluster_images/let-7_101_128.pdf>
Package pdftex.def Info: ./Images/Cluster_images/let-7_101_128.pdf used on inpu
t line 549.
(pdftex.def)             Requested size: 332.89723pt x 220.41821pt.


Class SVMult Warning: \sidecaption: No sufficient room for the legend; 
using normal \caption on input line 549.


<./Images/Cluster_images/mir-133_113_33.pdf, id=47, 433.14748pt x 153.76546pt>
File: ./Images/Cluster_images/mir-133_113_33.pdf Graphic file (type pdf)

<use ./Images/Cluster_images/mir-133_113_33.pdf>
Package pdftex.def Info: ./Images/Cluster_images/mir-133_113_33.pdf used on inp
ut line 561.
(pdftex.def)             Requested size: 332.89723pt x 118.18155pt.


Class SVMult Warning: \sidecaption: No sufficient room for the legend; 
using normal \caption on input line 561.


<./Images/Cluster_images/mir-181_105_2502.pdf, id=48, 443.52245pt x 122.31023pt
>
File: ./Images/Cluster_images/mir-181_105_2502.pdf Graphic file (type pdf)
 <use ./Images/Cluster_images/mir-181_105_2502.pdf>
Package pdftex.def Info: ./Images/Cluster_images/mir-181_105_2502.pdf used on i
nput line 569.
(pdftex.def)             Requested size: 332.89723pt x 91.80707pt.


Class SVMult Warning: \sidecaption: No sufficient room for the legend; 
using normal \caption on input line 569.

<./Images/Cluster_images/mir-217_13D_467.pdf, id=49, 530.7697pt x 164.1146pt>
File: ./Images/Cluster_images/mir-217_13D_467.pdf Graphic file (type pdf)

<use ./Images/Cluster_images/mir-217_13D_467.pdf>
Package pdftex.def Info: ./Images/Cluster_images/mir-217_13D_467.pdf used on in
put line 577.
(pdftex.def)             Requested size: 332.89723pt x 102.93446pt.


Class SVMult Warning: \sidecaption: No sufficient room for the legend; 
using normal \caption on input line 577.


<./Images/Cluster_images/mir-34_11A_435.pdf, id=50, 499.87077pt x 159.93953pt>
File: ./Images/Cluster_images/mir-34_11A_435.pdf Graphic file (type pdf)

<use ./Images/Cluster_images/mir-34_11A_435.pdf>
Package pdftex.def Info: ./Images/Cluster_images/mir-34_11A_435.pdf used on inp
ut line 585.
(pdftex.def)             Requested size: 332.89723pt x 106.5195pt.


Class SVMult Warning: \sidecaption: No sufficient room for the legend; 
using normal \caption on input line 585.


<./Images/Cluster_images/mir-92_281_4336.pdf, id=51, 585.33891pt x 168.41333pt>
File: ./Images/Cluster_images/mir-92_281_4336.pdf Graphic file (type pdf)
<use ./Images/Cluster_images/mir-92_281_4336.pdf>
Package pdftex.def Info: ./Images/Cluster_images/mir-92_281_4336.pdf used on in
put line 593.
(pdftex.def)             Requested size: 332.89723pt x 95.7833pt.


Class SVMult Warning: \sidecaption: No sufficient room for the legend; 
using normal \caption on input line 593.


<./Images/Cluster_images/mir-96_138_240.pdf, id=52, 453.00755pt x 160.41444pt>
File: ./Images/Cluster_images/mir-96_138_240.pdf Graphic file (type pdf)

<use ./Images/Cluster_images/mir-96_138_240.pdf>
Package pdftex.def Info: ./Images/Cluster_images/mir-96_138_240.pdf used on inp
ut line 601.
(pdftex.def)             Requested size: 332.89723pt x 117.88239pt.


Class SVMult Warning: \sidecaption: No sufficient room for the legend; 
using normal \caption on input line 601.


Underfull \hbox (badness 10000) in paragraph at lines 633--633
[]|\OT1/ptm/b/n/10 cin-let-7a-1,
 []


Underfull \hbox (badness 10000) in paragraph at lines 633--633
\OT1/ptm/b/n/10 cin-let-7f, cin-
 []


Underfull \hbox (badness 10000) in paragraph at lines 634--634
[]|\OT1/ptm/m/n/10 Reported on
 []


Underfull \hbox (badness 4995) in paragraph at lines 634--634
\OT1/ptm/m/n/10 an-no-tated on
 []


Underfull \hbox (badness 10000) in paragraph at lines 635--636
[]|\OT1/ptm/b/n/10 csa-let-7c-1,
 []


Underfull \hbox (badness 10000) in paragraph at lines 635--636
\OT1/ptm/b/n/10 csa-let-7b,
 []


Underfull \hbox (badness 10000) in paragraph at lines 635--636
\OT1/ptm/b/n/10 csa-let-7a, csa-
 []


Underfull \hbox (badness 10000) in paragraph at lines 636--637
[]|\OT1/ptm/m/n/10 Reported
 []


Underfull \hbox (badness 10000) in paragraph at lines 636--637
\OT1/ptm/m/n/10 on miR-Base
 []


Underfull \hbox (badness 10000) in paragraph at lines 636--637
\OT1/ptm/m/n/10 de-tected by
 []


Underfull \hbox (badness 10000) in paragraph at lines 636--637
\OT1/ptm/m/n/10 ho-mol-ogy
 []


Underfull \hbox (badness 10000) in paragraph at lines 638--639
[]|\OT1/ptm/b/n/10 cin-mir-34\OT1/ptm/m/n/10 ,
 []


Underfull \hbox (badness 10000) in paragraph at lines 638--639
\OT1/ptm/m/n/10 cin-mir-4091,
 []


Underfull \hbox (badness 10000) in paragraph at lines 638--639
\OT1/ptm/m/n/10 cin-mir-4008a,
 []


Underfull \hbox (badness 10000) in paragraph at lines 638--639
\OT1/ptm/m/n/10 cin-mir-4008c,
 []


Underfull \hbox (badness 10000) in paragraph at lines 638--639
\OT1/ptm/m/n/10 cin-mir-4008b,
 []


Underfull \hbox (badness 1057) in paragraph at lines 640--641
[]|\OT1/ptm/m/n/10 miRBase and
 []


Underfull \hbox (badness 10000) in paragraph at lines 642--644
[]|\OT1/ptm/m/n/10 cin-mir-4077b,
 []


Underfull \hbox (badness 10000) in paragraph at lines 642--644
\OT1/ptm/m/n/10 cin-mir-4003b,
 []


Underfull \hbox (badness 10000) in paragraph at lines 642--644
\OT1/ptm/m/n/10 cin-mir-4005b,
 []


Underfull \hbox (badness 10000) in paragraph at lines 642--644
\OT1/ptm/m/n/10 cin-mir-4077d,
 []


Underfull \hbox (badness 10000) in paragraph at lines 642--644
\OT1/ptm/m/n/10 cin-mir-4003a-1,
 []


Underfull \hbox (badness 10000) in paragraph at lines 642--644
\OT1/ptm/m/n/10 cin-mir-4003c,
 []


Underfull \hbox (badness 10000) in paragraph at lines 642--644
\OT1/ptm/m/n/10 cin-mir-4077a,
 []


Underfull \hbox (badness 10000) in paragraph at lines 642--644
\OT1/ptm/m/n/10 cin-mir-4003a-4,
 []


Underfull \hbox (badness 1057) in paragraph at lines 644--645
[]|\OT1/ptm/m/n/10 miRBase and
 []


Underfull \hbox (badness 10000) in paragraph at lines 646--648
[]|\OT1/ptm/m/n/10 cin-mir-4077b,
 []


Underfull \hbox (badness 10000) in paragraph at lines 646--648
\OT1/ptm/m/n/10 cin-mir-4003b,
 []


Underfull \hbox (badness 10000) in paragraph at lines 646--648
\OT1/ptm/m/n/10 cin-mir-4005b,
 []


Underfull \hbox (badness 10000) in paragraph at lines 646--648
\OT1/ptm/m/n/10 cin-mir-4077d,
 []


Underfull \hbox (badness 10000) in paragraph at lines 646--648
\OT1/ptm/m/n/10 cin-mir-4003a-1,
 []


Underfull \hbox (badness 10000) in paragraph at lines 646--648
\OT1/ptm/m/n/10 cin-mir-4003c,
 []


Underfull \hbox (badness 10000) in paragraph at lines 646--648
\OT1/ptm/m/n/10 cin-mir-4077a,
 []


Underfull \hbox (badness 10000) in paragraph at lines 646--648
\OT1/ptm/m/n/10 cin-mir-4003a-4,
 []


Underfull \hbox (badness 1057) in paragraph at lines 648--649
[]|\OT1/ptm/m/n/10 miRBase and
 []


Underfull \hbox (badness 10000) in paragraph at lines 650--653
[]|\OT1/ptm/m/n/10 cin-mir-4001f,
 []


Underfull \hbox (badness 10000) in paragraph at lines 650--653
\OT1/ptm/m/n/10 cin-mir-4000e,
 []


Underfull \hbox (badness 10000) in paragraph at lines 650--653
\OT1/ptm/m/n/10 cin-mir-4001c,
 []


Underfull \hbox (badness 10000) in paragraph at lines 650--653
\OT1/ptm/m/n/10 cin-mir-1502d,
 []


Underfull \hbox (badness 10000) in paragraph at lines 650--653
\OT1/ptm/m/n/10 cin-mir-4018a,
 []


Underfull \hbox (badness 10000) in paragraph at lines 650--653
\OT1/ptm/m/n/10 cin-mir-4019,
 []


Underfull \hbox (badness 10000) in paragraph at lines 650--653
\OT1/ptm/m/n/10 cin-mir-1502b,
 []


Underfull \hbox (badness 10000) in paragraph at lines 650--653
\OT1/ptm/m/n/10 cin-mir-1502a,
 []


Underfull \hbox (badness 10000) in paragraph at lines 650--653
\OT1/ptm/m/n/10 cin-mir-4007,
 []


Underfull \hbox (badness 10000) in paragraph at lines 650--653
\OT1/ptm/m/n/10 cin-mir-4000f,
 []


Underfull \hbox (badness 10000) in paragraph at lines 650--653
\OT1/ptm/m/n/10 cin-mir-4001i,
 []


Underfull \hbox (badness 10000) in paragraph at lines 650--653
\OT1/ptm/m/n/10 cin-mir-4018b,
 []


Underfull \hbox (badness 1057) in paragraph at lines 653--654
[]|\OT1/ptm/m/n/10 miRBase and
 []


Underfull \hbox (badness 10000) in paragraph at lines 655--656
[]|\OT1/ptm/m/n/10 cin-mir-367,
 []


Underfull \hbox (badness 10000) in paragraph at lines 655--656
\OT1/ptm/m/n/10 cin-mir-4009c,
 []


Underfull \hbox (badness 10000) in paragraph at lines 655--656
\OT1/ptm/m/n/10 cin-mir-4009b,
 []


Underfull \hbox (badness 10000) in paragraph at lines 655--656
\OT1/ptm/m/n/10 cin-mir-367,
 []


Underfull \hbox (badness 10000) in paragraph at lines 655--656
\OT1/ptm/m/n/10 cin-mir-4009c,
 []


Underfull \hbox (badness 10000) in paragraph at lines 655--656
\OT1/ptm/m/n/10 cin-mir-4009a,
 []


Underfull \hbox (badness 1057) in paragraph at lines 656--658
[]|\OT1/ptm/m/n/10 miRBase and
 []


Underfull \hbox (badness 10000) in paragraph at lines 659--660
[]|\OT1/ptm/m/n/10 cin-mir-34,
 []


Underfull \hbox (badness 10000) in paragraph at lines 659--660
\OT1/ptm/m/n/10 cin-mir-4091,
 []


Underfull \hbox (badness 10000) in paragraph at lines 659--660
\OT1/ptm/m/n/10 cin-mir-4008a,
 []


Underfull \hbox (badness 10000) in paragraph at lines 659--660
\OT1/ptm/m/n/10 cin-mir-4008c,
 []


Underfull \hbox (badness 10000) in paragraph at lines 659--660
\OT1/ptm/m/n/10 cin-mir-4008b,
 []


Underfull \hbox (badness 1057) in paragraph at lines 660--662
[]|\OT1/ptm/m/n/10 miRBase and
 []


Underfull \hbox (badness 1348) in paragraph at lines 663--664
[]|\OT1/ptm/m/n/10 cin-mir-92a, cin-
 []


Underfull \hbox (badness 1057) in paragraph at lines 664--665
[]|\OT1/ptm/m/n/10 miRBase and
 []


Underfull \hbox (badness 1057) in paragraph at lines 666--667
[]|\OT1/ptm/m/n/10 miRBase and
 []


Underfull \hbox (badness 1057) in paragraph at lines 668--669
[]|\OT1/ptm/m/n/10 miRBase and
 []


Underfull \hbox (badness 10000) in paragraph at lines 670--671
[]|\OT1/ptm/m/n/10 cin-mir-124-1,
 []


Underfull \hbox (badness 1057) in paragraph at lines 671--672
[]|\OT1/ptm/m/n/10 miRBase and
 []


Underfull \hbox (badness 10000) in paragraph at lines 672--673
[]|\OT1/ptm/m/n/10 csa-mir-124-1,
 []


Underfull \hbox (badness 1057) in paragraph at lines 673--674
[]|\OT1/ptm/m/n/10 miRBase and
 []


Underfull \hbox (badness 10000) in paragraph at lines 676--676
[]|\OT1/ptm/m/n/10 cin-mir-200,
 []


Underfull \hbox (badness 10000) in paragraph at lines 676--676
\OT1/ptm/m/n/10 cin-mir-3575,
 []


Underfull \hbox (badness 10000) in paragraph at lines 676--676
\OT1/ptm/m/n/10 cin-mir-141,
 []


Underfull \hbox (badness 1057) in paragraph at lines 676--678
[]|\OT1/ptm/m/n/10 miRBase and
 []


Underfull \hbox (badness 1057) in paragraph at lines 679--680
[]|\OT1/ptm/m/n/10 miRBase and
 []


Underfull \hbox (badness 10000) in paragraph at lines 680--688
[]|\OT1/ptm/m/n/10 cin-mir-4006d,
 []


Underfull \hbox (badness 10000) in paragraph at lines 680--688
\OT1/ptm/m/n/10 cin-mir-4006c,
 []


Underfull \hbox (badness 10000) in paragraph at lines 680--688
\OT1/ptm/m/n/10 cin-mir-4001b-2,
 []


Underfull \hbox (badness 10000) in paragraph at lines 680--688
\OT1/ptm/m/n/10 cin-mir-4000i,
 []


Underfull \hbox (badness 10000) in paragraph at lines 680--688
\OT1/ptm/m/n/10 cin-mir-4006g,
 []


Underfull \hbox (badness 10000) in paragraph at lines 680--688
\OT1/ptm/m/n/10 cin-mir-4001e,
 []


Underfull \hbox (badness 10000) in paragraph at lines 680--688
\OT1/ptm/m/n/10 cin-mir-4001d,
 []


Underfull \hbox (badness 10000) in paragraph at lines 680--688
\OT1/ptm/m/n/10 cin-mir-4000g,
 []


Underfull \hbox (badness 10000) in paragraph at lines 680--688
\OT1/ptm/m/n/10 cin-mir-4006f,
 []


Underfull \hbox (badness 10000) in paragraph at lines 680--688
\OT1/ptm/m/n/10 cin-mir-4000h,
 []


Underfull \hbox (badness 10000) in paragraph at lines 680--688
\OT1/ptm/m/n/10 cin-mir-4006b,
 []


Underfull \hbox (badness 10000) in paragraph at lines 680--688
\OT1/ptm/m/n/10 cin-mir-4001b-1,
 []


Underfull \hbox (badness 10000) in paragraph at lines 680--688
\OT1/ptm/m/n/10 cin-mir-4006e,
 []


Underfull \hbox (badness 10000) in paragraph at lines 680--688
\OT1/ptm/m/n/10 cin-mir-4001a-1,
 []


Underfull \hbox (badness 10000) in paragraph at lines 680--688
\OT1/ptm/m/n/10 cin-mir-4001a-2,
 []


Underfull \hbox (badness 10000) in paragraph at lines 680--688
\OT1/ptm/m/n/10 cin-mir-4002,
 []


Underfull \hbox (badness 10000) in paragraph at lines 680--688
\OT1/ptm/m/n/10 cin-mir-4001h,
 []


Underfull \hbox (badness 10000) in paragraph at lines 680--688
\OT1/ptm/m/n/10 cin-mir-4000a-2,
 []


Underfull \hbox (badness 10000) in paragraph at lines 680--688
\OT1/ptm/m/n/10 cin-mir-4006a-2,
 []


Underfull \hbox (badness 10000) in paragraph at lines 680--688
\OT1/ptm/m/n/10 cin-mir-4006a-3,
 []


Underfull \hbox (badness 10000) in paragraph at lines 680--688
\OT1/ptm/m/n/10 cin-mir-4006a-1,
 []


Underfull \hbox (badness 10000) in paragraph at lines 680--688
\OT1/ptm/m/n/10 cin-mir-4006e,
 []


Underfull \hbox (badness 10000) in paragraph at lines 680--688
\OT1/ptm/m/n/10 cin-mir-4001a-1,
 []


Underfull \hbox (badness 10000) in paragraph at lines 680--688
\OT1/ptm/m/n/10 cin-mir-4006b,
 []


Underfull \hbox (badness 10000) in paragraph at lines 680--688
\OT1/ptm/m/n/10 cin-mir-4000c,
 []


Underfull \hbox (badness 10000) in paragraph at lines 680--688
\OT1/ptm/m/n/10 cin-mir-4006e,
 []


Underfull \hbox (badness 10000) in paragraph at lines 680--688
\OT1/ptm/m/n/10 cin-mir-4000b-2,
 []


Underfull \hbox (badness 10000) in paragraph at lines 680--688
\OT1/ptm/m/n/10 cin-mir-4001a-1,
 []


Underfull \hbox (badness 10000) in paragraph at lines 680--688
\OT1/ptm/m/n/10 cin-mir-4000b-1,
 []


Underfull \hbox (badness 10000) in paragraph at lines 680--688
\OT1/ptm/m/n/10 cin-mir-4001a-2,
 []


Underfull \hbox (badness 10000) in paragraph at lines 680--688
\OT1/ptm/m/n/10 cin-mir-4002,
 []


Underfull \hbox (badness 10000) in paragraph at lines 680--688
\OT1/ptm/m/n/10 cin-mir-4000d,
 []


Underfull \hbox (badness 10000) in paragraph at lines 680--688
\OT1/ptm/m/n/10 cin-mir-4001h,
 []


Underfull \hbox (badness 10000) in paragraph at lines 680--688
\OT1/ptm/m/n/10 cin-mir-4006a-3,
 []


Underfull \hbox (badness 10000) in paragraph at lines 680--688
\OT1/ptm/m/n/10 cin-mir-4006a-1,
 []


Underfull \hbox (badness 1057) in paragraph at lines 689--690
[]|\OT1/ptm/m/n/10 miRBase and
 []


Overfull \hbox (98.62404pt too wide) in alignment at lines 619--690
 [] [] [] [] [] [] [] [] 
 []


Overfull \hbox (98.62404pt too wide) in alignment at lines 690--691
 [] [] [] [] [] [] [] [] 
 []

[13 <./Images/Cluster_images/let-7_101_128.pdf>] [14] [15]
<./Images/miRNA_matrix.pdf, id=581, 2260.74617pt x 1882.5286pt>
File: ./Images/miRNA_matrix.pdf Graphic file (type pdf)

<use ./Images/miRNA_matrix.pdf>
Package pdftex.def Info: ./Images/miRNA_matrix.pdf used on input line 772.
(pdftex.def)             Requested size: 332.89723pt x 277.1966pt.

<./Images/last_tree.png, id=582, 896.34875pt x 611.28375pt>
File: ./Images/last_tree.png Graphic file (type png)

<use ./Images/last_tree.png>
Package pdftex.def Info: ./Images/last_tree.png used on input line 794.
(pdftex.def)             Requested size: 213.39566pt x 145.5265pt.
 [16]
<./Images/cluster_number.pdf, id=586, 428.60126pt x 149.55875pt>
File: ./Images/cluster_number.pdf Graphic file (type pdf)

<use ./Images/cluster_number.pdf>
Package pdftex.def Info: ./Images/cluster_number.pdf used on input line 804.
(pdftex.def)             Requested size: 210.55022pt x 73.47156pt.

<./Images/density.pdf, id=587, 335.2525pt x 263.98625pt>
File: ./Images/density.pdf Graphic file (type pdf)

<use ./Images/density.pdf>
Package pdftex.def Info: ./Images/density.pdf used on input line 804.
(pdftex.def)             Requested size: 210.55022pt x 165.79259pt.


Class SVMult Warning: \sidecaption: No sufficient room for the legend; 
using normal \caption on input line 804.

<./Images/vennmiRNAs.pdf, id=588, 578.16pt x 722.7pt>
File: ./Images/vennmiRNAs.pdf Graphic file (type pdf)

<use ./Images/vennmiRNAs.pdf>
Package pdftex.def Info: ./Images/vennmiRNAs.pdf used on input line 812.
(pdftex.def)             Requested size: 213.39566pt x 266.74419pt.
 [17 <./Images/Cluster_images/mir-133_113_33.pdf> <./Images/Cluster_images/mir-
181_105_2502.pdf

pdfTeX warning: /usr/bin/pdflatex (file ./Images/Cluster_images/mir-181_105_250
2.pdf): PDF inclusion: multiple pdfs with page group included in a single page
> <./Images/Cluster_images/mir-217_13D_467.pdf

pdfTeX warning: /usr/bin/pdflatex (file ./Images/Cluster_images/mir-217_13D_467
.pdf): PDF inclusion: multiple pdfs with page group included in a single page
>]
Overfull \vbox (6.92657pt too high) has occurred while \output is active []


[18 <./Images/Cluster_images/mir-34_11A_435.pdf> <./Images/Cluster_images/mir-9
2_281_4336.pdf

pdfTeX warning: /usr/bin/pdflatex (file ./Images/Cluster_images/mir-92_281_4336
.pdf): PDF inclusion: multiple pdfs with page group included in a single page
> <./Images/Cluster_images/mir-96_138_240.pdf

pdfTeX warning: /usr/bin/pdflatex (file ./Images/Cluster_images/mir-96_138_240.
pdf): PDF inclusion: multiple pdfs with page group included in a single page
>] [19 <./Images/miRNA_matrix.pdf>] [20 <./Images/last_tree.png> <./Images/clus
ter_number.pdf> <./Images/density.pdf>] [21 <./Images/vennmiRNAs.pdf>] [22]
(./tunicates_ncrna.bbl [23]
LaTeX Font Info:    Try loading font information for OML+ptm on input line 109.


(/usr/share/texlive/texmf-dist/tex/latex/psnfss/omlptm.fd
File: omlptm.fd 
)
LaTeX Font Info:    Font shape `OML/ptm/m/n' in size <8.5> not available
(Font)              Font shape `OML/cmm/m/it' tried instead on input line 109.

Underfull \hbox (badness 1888) in paragraph at lines 121--125
[]\OT1/ptm/m/n/8.5 David Lan-gen-berger, Clara Bermudez-Santana, Jana Her-tel, 
Steve Hoff-mann, Philipp
 []

[24]
Missing character: There is no â in font ptmr7t!
Missing character: There is no € in font ptmr7t!
Missing character: There is no ² in font ptmr7t!
) [25] (./tunicates_ncrna.aux)

LaTeX Warning: There were undefined references.


LaTeX Warning: There were multiply-defined labels.

 ) 
Here is how much of TeX's memory you used:
 2935 strings out of 493039
 41984 string characters out of 6136942
 139745 words of memory out of 5000000
 6384 multiletter control sequences out of 15000+600000
 41612 words of font info for 82 fonts, out of 8000000 for 9000
 1137 hyphenation exceptions out of 8191
 40i,8n,25p,2509b,295s stack positions out of 5000i,500n,10000p,200000b,80000s
{/usr/share/texlive/texmf-dist/fonts/enc/dvips/base/8r.enc}</usr/share/texliv
e/texmf-dist/fonts/type1/public/amsfonts/cm/cmmi10.pfb></usr/share/texlive/texm
f-dist/fonts/type1/public/amsfonts/cm/cmmi8.pfb></usr/share/texlive/texmf-dist/
fonts/type1/public/amsfonts/cm/cmsy10.pfb></usr/share/texlive/texmf-dist/fonts/
type1/urw/courier/ucrr8a.pfb></usr/share/texlive/texmf-dist/fonts/type1/urw/tim
es/utmb8a.pfb></usr/share/texlive/texmf-dist/fonts/type1/urw/times/utmbi8a.pfb>
</usr/share/texlive/texmf-dist/fonts/type1/urw/times/utmr8a.pfb></usr/share/tex
live/texmf-dist/fonts/type1/urw/times/utmr8a.pfb></usr/share/texlive/texmf-dist
/fonts/type1/urw/times/utmri8a.pfb>
Output written on tunicates_ncrna.pdf (25 pages, 2677969 bytes).
PDF statistics:
 3525 PDF objects out of 3580 (max. 8388607)
 2324 compressed objects within 24 object streams
 0 named destinations out of 1000 (max. 500000)
 61 words of extra memory for PDF output out of 10000 (max. 10000000)

